{"/Users/callum.dewane/Documents/page-speed-insights/src/app.tsx": {"path":"/Users/callum.dewane/Documents/page-speed-insights/src/app.tsx","statementMap":{"0":{"start":{"line":1,"column":0},"end":{"line":1,"column":49}},"1":{"start":{"line":2,"column":0},"end":{"line":2,"column":77}},"2":{"start":{"line":3,"column":0},"end":{"line":3,"column":57}},"3":{"start":{"line":5,"column":12},"end":{"line":37,"column":1}},"4":{"start":{"line":6,"column":42},"end":{"line":6,"column":61}},"5":{"start":{"line":7,"column":46},"end":{"line":7,"column":65}},"6":{"start":{"line":8,"column":34},"end":{"line":8,"column":73}},"7":{"start":{"line":10,"column":4},"end":{"line":15,"column":11}},"8":{"start":{"line":11,"column":8},"end":{"line":14,"column":null}},"9":{"start":{"line":12,"column":12},"end":{"line":12,"column":33}},"10":{"start":{"line":12,"column":26},"end":{"line":12,"column":33}},"11":{"start":{"line":13,"column":12},"end":{"line":13,"column":52}},"12":{"start":{"line":17,"column":4},"end":{"line":32,"column":18}},"13":{"start":{"line":18,"column":8},"end":{"line":18,"column":29}},"14":{"start":{"line":18,"column":22},"end":{"line":18,"column":29}},"15":{"start":{"line":20,"column":21},"end":{"line":20,"column":73}},"16":{"start":{"line":21,"column":8},"end":{"line":21,"column":76}},"17":{"start":{"line":23,"column":8},"end":{"line":27,"column":11}},"18":{"start":{"line":24,"column":12},"end":{"line":24,"column":62}},"19":{"start":{"line":24,"column":55},"end":{"line":24,"column":62}},"20":{"start":{"line":25,"column":12},"end":{"line":25,"column":44}},"21":{"start":{"line":26,"column":12},"end":{"line":26,"column":47}},"22":{"start":{"line":29,"column":8},"end":{"line":31,"column":null}},"23":{"start":{"line":30,"column":12},"end":{"line":30,"column":30}},"24":{"start":{"line":34,"column":4},"end":{"line":36,"column":6}},"25":{"start":{"line":39,"column":0},"end":{"line":39,"column":19}}},"fnMap":{"0":{"name":"(anonymous_1)","decl":{"start":{"line":5,"column":12},"end":{"line":5,"column":13}},"loc":{"start":{"line":5,"column":19},"end":{"line":37,"column":1}}},"1":{"name":"(anonymous_2)","decl":{"start":{"line":10,"column":14},"end":{"line":10,"column":17}},"loc":{"start":{"line":10,"column":19},"end":{"line":15,"column":5}}},"2":{"name":"(anonymous_3)","decl":{"start":{"line":11,"column":29},"end":{"line":11,"column":30}},"loc":{"start":{"line":11,"column":37},"end":{"line":14,"column":9}}},"3":{"name":"(anonymous_4)","decl":{"start":{"line":17,"column":14},"end":{"line":17,"column":17}},"loc":{"start":{"line":17,"column":19},"end":{"line":32,"column":5}}},"4":{"name":"(anonymous_5)","decl":{"start":{"line":23,"column":35},"end":{"line":23,"column":36}},"loc":{"start":{"line":23,"column":48},"end":{"line":27,"column":9}}},"5":{"name":"(anonymous_6)","decl":{"start":{"line":29,"column":15},"end":{"line":29,"column":18}},"loc":{"start":{"line":29,"column":20},"end":{"line":31,"column":9}}}},"branchMap":{"0":{"loc":{"start":{"line":12,"column":12},"end":{"line":12,"column":33}},"type":"if","locations":[{"start":{"line":12,"column":12},"end":{"line":12,"column":33}}]},"1":{"loc":{"start":{"line":18,"column":8},"end":{"line":18,"column":29}},"type":"if","locations":[{"start":{"line":18,"column":8},"end":{"line":18,"column":29}}]},"2":{"loc":{"start":{"line":24,"column":12},"end":{"line":24,"column":62}},"type":"if","locations":[{"start":{"line":24,"column":12},"end":{"line":24,"column":62}}]}},"s":{"0":0,"1":0,"2":0,"3":0,"4":0,"5":0,"6":0,"7":0,"8":0,"9":0,"10":0,"11":0,"12":0,"13":0,"14":0,"15":0,"16":0,"17":0,"18":0,"19":0,"20":0,"21":0,"22":0,"23":0,"24":0,"25":0},"f":{"0":0,"1":0,"2":0,"3":0,"4":0,"5":0},"b":{"0":[0],"1":[0],"2":[0]}}
,"/Users/callum.dewane/Documents/page-speed-insights/src/background.tsx": {"path":"/Users/callum.dewane/Documents/page-speed-insights/src/background.tsx","statementMap":{"0":{"start":{"line":1,"column":0},"end":{"line":1,"column":null}},"1":{"start":{"line":4,"column":0},"end":{"line":4,"column":null}},"2":{"start":{"line":7,"column":0},"end":{"line":7,"column":116}},"3":{"start":{"line":8,"column":0},"end":{"line":8,"column":101}},"4":{"start":{"line":11,"column":0},"end":{"line":35,"column":3}},"5":{"start":{"line":12,"column":45},"end":{"line":12,"column":47}},"6":{"start":{"line":15,"column":4},"end":{"line":29,"column":7}},"7":{"start":{"line":16,"column":8},"end":{"line":16,"column":73}},"8":{"start":{"line":16,"column":66},"end":{"line":16,"column":73}},"9":{"start":{"line":18,"column":29},"end":{"line":18,"column":77}},"10":{"start":{"line":20,"column":8},"end":{"line":22,"column":9}},"11":{"start":{"line":21,"column":12},"end":{"line":21,"column":59}},"12":{"start":{"line":24,"column":36},"end":{"line":26,"column":10}},"13":{"start":{"line":25,"column":12},"end":{"line":25,"column":55}},"14":{"start":{"line":28,"column":8},"end":{"line":28,"column":48}},"15":{"start":{"line":31,"column":4},"end":{"line":34,"column":7}},"16":{"start":{"line":32,"column":8},"end":{"line":32,"column":52}},"17":{"start":{"line":33,"column":8},"end":{"line":33,"column":48}},"18":{"start":{"line":33,"column":39},"end":{"line":33,"column":46}},"19":{"start":{"line":38,"column":0},"end":{"line":41,"column":3}},"20":{"start":{"line":39,"column":4},"end":{"line":39,"column":54}},"21":{"start":{"line":39,"column":47},"end":{"line":39,"column":54}},"22":{"start":{"line":40,"column":4},"end":{"line":40,"column":52}}},"fnMap":{"0":{"name":"(anonymous_0)","decl":{"start":{"line":11,"column":37},"end":{"line":11,"column":38}},"loc":{"start":{"line":11,"column":46},"end":{"line":35,"column":1}}},"1":{"name":"(anonymous_1)","decl":{"start":{"line":15,"column":31},"end":{"line":15,"column":36}},"loc":{"start":{"line":15,"column":45},"end":{"line":29,"column":5}}},"2":{"name":"(anonymous_2)","decl":{"start":{"line":24,"column":70},"end":{"line":24,"column":75}},"loc":{"start":{"line":24,"column":89},"end":{"line":26,"column":9}}},"3":{"name":"(anonymous_3)","decl":{"start":{"line":31,"column":34},"end":{"line":31,"column":37}},"loc":{"start":{"line":31,"column":39},"end":{"line":34,"column":5}}},"4":{"name":"(anonymous_4)","decl":{"start":{"line":33,"column":30},"end":{"line":33,"column":35}},"loc":{"start":{"line":33,"column":39},"end":{"line":33,"column":46}}},"5":{"name":"(anonymous_5)","decl":{"start":{"line":38,"column":37},"end":{"line":38,"column":38}},"loc":{"start":{"line":38,"column":71},"end":{"line":41,"column":1}}}},"branchMap":{"0":{"loc":{"start":{"line":16,"column":8},"end":{"line":16,"column":73}},"type":"if","locations":[{"start":{"line":16,"column":8},"end":{"line":16,"column":73}}]},"1":{"loc":{"start":{"line":16,"column":12},"end":{"line":16,"column":64}},"type":"binary-expr","locations":[{"start":{"line":16,"column":12},"end":{"line":16,"column":49}},{"start":{"line":16,"column":53},"end":{"line":16,"column":64}}]},"2":{"loc":{"start":{"line":20,"column":8},"end":{"line":22,"column":9}},"type":"if","locations":[{"start":{"line":20,"column":8},"end":{"line":22,"column":9}}]},"3":{"loc":{"start":{"line":39,"column":4},"end":{"line":39,"column":54}},"type":"if","locations":[{"start":{"line":39,"column":4},"end":{"line":39,"column":54}}]}},"s":{"0":0,"1":0,"2":0,"3":0,"4":0,"5":0,"6":0,"7":0,"8":0,"9":0,"10":0,"11":0,"12":0,"13":0,"14":0,"15":0,"16":0,"17":0,"18":0,"19":0,"20":0,"21":0,"22":0},"f":{"0":0,"1":0,"2":0,"3":0,"4":0,"5":0},"b":{"0":[0],"1":[0,0],"2":[0],"3":[0]}}
,"/Users/callum.dewane/Documents/page-speed-insights/src/content-script.tsx": {"path":"/Users/callum.dewane/Documents/page-speed-insights/src/content-script.tsx","statementMap":{"0":{"start":{"line":2,"column":0},"end":{"line":20,"column":3}},"1":{"start":{"line":3,"column":4},"end":{"line":3,"column":59}},"2":{"start":{"line":3,"column":35},"end":{"line":3,"column":57}},"3":{"start":{"line":5,"column":28},"end":{"line":9,"column":6}},"4":{"start":{"line":10,"column":19},"end":{"line":10,"column":39}},"5":{"start":{"line":11,"column":17},"end":{"line":11,"column":27}},"6":{"start":{"line":14,"column":4},"end":{"line":19,"column":9}},"7":{"start":{"line":15,"column":8},"end":{"line":18,"column":11}}},"fnMap":{"0":{"name":"(anonymous_0)","decl":{"start":{"line":2,"column":32},"end":{"line":2,"column":37}},"loc":{"start":{"line":2,"column":43},"end":{"line":20,"column":1}}},"1":{"name":"(anonymous_1)","decl":{"start":{"line":3,"column":22},"end":{"line":3,"column":23}},"loc":{"start":{"line":3,"column":35},"end":{"line":3,"column":57}}},"2":{"name":"(anonymous_2)","decl":{"start":{"line":14,"column":11},"end":{"line":14,"column":16}},"loc":{"start":{"line":14,"column":22},"end":{"line":19,"column":5}}}},"branchMap":{},"s":{"0":0,"1":0,"2":0,"3":0,"4":0,"5":0,"6":0,"7":0},"f":{"0":0,"1":0,"2":0},"b":{}}
,"/Users/callum.dewane/Documents/page-speed-insights/src/index.tsx": {"path":"/Users/callum.dewane/Documents/page-speed-insights/src/index.tsx","statementMap":{"0":{"start":{"line":1,"column":0},"end":{"line":1,"column":46}},"1":{"start":{"line":3,"column":0},"end":{"line":3,"column":24}},"2":{"start":{"line":5,"column":13},"end":{"line":5,"column":57}},"3":{"start":{"line":6,"column":0},"end":{"line":8,"column":2}}},"fnMap":{},"branchMap":{},"s":{"0":0,"1":0,"2":0,"3":0},"f":{},"b":{}}
,"/Users/callum.dewane/Documents/page-speed-insights/src/components/dashboard/dashboard.const.tsx": {"path":"/Users/callum.dewane/Documents/page-speed-insights/src/components/dashboard/dashboard.const.tsx","statementMap":{"0":{"start":{"line":3,"column":13},"end":{"line":9,"column":2}},"1":{"start":{"line":11,"column":13},"end":{"line":27,"column":2}}},"fnMap":{},"branchMap":{},"s":{"0":1,"1":1},"f":{},"b":{}}
,"/Users/callum.dewane/Documents/page-speed-insights/src/components/dashboard/dashboard.styled.tsx": {"path":"/Users/callum.dewane/Documents/page-speed-insights/src/components/dashboard/dashboard.styled.tsx","statementMap":{"0":{"start":{"line":1,"column":0},"end":{"line":1,"column":46}},"1":{"start":{"line":3,"column":28},"end":{"line":7,"column":2}},"2":{"start":{"line":9,"column":28},"end":{"line":13,"column":2}},"3":{"start":{"line":15,"column":13},"end":{"line":19,"column":2}},"4":{"start":{"line":21,"column":13},"end":{"line":26,"column":2}},"5":{"start":{"line":28,"column":13},"end":{"line":32,"column":2}},"6":{"start":{"line":34,"column":13},"end":{"line":37,"column":2}},"7":{"start":{"line":39,"column":13},"end":{"line":42,"column":2}},"8":{"start":{"line":44,"column":13},"end":{"line":48,"column":2}},"9":{"start":{"line":50,"column":13},"end":{"line":56,"column":2}},"10":{"start":{"line":58,"column":13},"end":{"line":62,"column":2}},"11":{"start":{"line":64,"column":13},"end":{"line":69,"column":2}}},"fnMap":{},"branchMap":{},"s":{"0":1,"1":1,"2":1,"3":1,"4":1,"5":1,"6":1,"7":1,"8":1,"9":1,"10":1,"11":1},"f":{},"b":{}}
,"/Users/callum.dewane/Documents/page-speed-insights/src/components/dashboard/dashboard.tsx": {"path":"/Users/callum.dewane/Documents/page-speed-insights/src/components/dashboard/dashboard.tsx","statementMap":{"0":{"start":{"line":2,"column":0},"end":{"line":2,"column":null}},"1":{"start":{"line":13,"column":0},"end":{"line":13,"column":35}},"2":{"start":{"line":16,"column":18},"end":{"line":62,"column":1}},"3":{"start":{"line":17,"column":28},"end":{"line":17,"column":63}},"4":{"start":{"line":18,"column":25},"end":{"line":18,"column":68}},"5":{"start":{"line":19,"column":33},"end":{"line":19,"column":84}},"6":{"start":{"line":21,"column":4},"end":{"line":61,"column":6}},"7":{"start":{"line":64,"column":0},"end":{"line":64,"column":25}}},"fnMap":{"0":{"name":"(anonymous_1)","decl":{"start":{"line":16,"column":18},"end":{"line":16,"column":19}},"loc":{"start":{"line":16,"column":83},"end":{"line":62,"column":1}}}},"branchMap":{"0":{"loc":{"start":{"line":28,"column":17},"end":{"line":48,"column":null}},"type":"cond-expr","locations":[{"start":{"line":29,"column":20},"end":{"line":30,"column":null}},{"start":{"line":33,"column":20},"end":{"line":47,"column":null}}]},"1":{"loc":{"start":{"line":51,"column":17},"end":{"line":57,"column":24}},"type":"binary-expr","locations":[{"start":{"line":51,"column":17},"end":{"line":51,"column":30}},{"start":{"line":52,"column":20},"end":{"line":56,"column":null}}]}},"s":{"0":1,"1":1,"2":1,"3":2,"4":2,"5":2,"6":2,"7":1},"f":{"0":2},"b":{"0":[1,1],"1":[2,1]}}
,"/Users/callum.dewane/Documents/page-speed-insights/src/components/global/port.mock.tsx": {"path":"/Users/callum.dewane/Documents/page-speed-insights/src/components/global/port.mock.tsx","statementMap":{"0":{"start":{"line":5,"column":8},"end":{"line":5,"column":25}},"1":{"start":{"line":8,"column":49},"end":{"line":8,"column":58}},"2":{"start":{"line":9,"column":36},"end":{"line":9,"column":45}},"3":{"start":{"line":11,"column":62},"end":{"line":19,"column":6}},"4":{"start":{"line":21,"column":56},"end":{"line":29,"column":null}},"5":{"start":{"line":32,"column":0},"end":{"line":32,"column":24}}},"fnMap":{"0":{"name":"(anonymous_0)","decl":{"start":{"line":4,"column":4},"end":{"line":4,"column":23}},"loc":{"start":{"line":4,"column":35},"end":{"line":6,"column":5}}}},"branchMap":{},"s":{"0":1,"1":1,"2":1,"3":1,"4":1,"5":1},"f":{"0":1},"b":{}}
,"/Users/callum.dewane/Documents/page-speed-insights/src/components/table/table.const.tsx": {"path":"/Users/callum.dewane/Documents/page-speed-insights/src/components/table/table.const.tsx","statementMap":{"0":{"start":{"line":3,"column":13},"end":{"line":9,"column":2}},"1":{"start":{"line":11,"column":13},"end":{"line":27,"column":2}},"2":{"start":{"line":29,"column":13},"end":{"line":42,"column":2}},"3":{"start":{"line":44,"column":13},"end":{"line":54,"column":2}},"4":{"start":{"line":56,"column":13},"end":{"line":63,"column":2}},"5":{"start":{"line":65,"column":13},"end":{"line":69,"column":2}}},"fnMap":{},"branchMap":{},"s":{"0":1,"1":1,"2":1,"3":1,"4":1,"5":1},"f":{},"b":{}}
,"/Users/callum.dewane/Documents/page-speed-insights/src/components/table/table.styled.tsx": {"path":"/Users/callum.dewane/Documents/page-speed-insights/src/components/table/table.styled.tsx","statementMap":{"0":{"start":{"line":1,"column":0},"end":{"line":1,"column":39}},"1":{"start":{"line":3,"column":13},"end":{"line":8,"column":2}},"2":{"start":{"line":10,"column":13},"end":{"line":29,"column":2}},"3":{"start":{"line":31,"column":13},"end":{"line":38,"column":2}},"4":{"start":{"line":40,"column":13},"end":{"line":52,"column":2}}},"fnMap":{},"branchMap":{},"s":{"0":2,"1":2,"2":2,"3":2,"4":2},"f":{},"b":{}}
,"/Users/callum.dewane/Documents/page-speed-insights/src/components/table/table.tsx": {"path":"/Users/callum.dewane/Documents/page-speed-insights/src/components/table/table.tsx","statementMap":{"0":{"start":{"line":2,"column":0},"end":{"line":2,"column":95}},"1":{"start":{"line":5,"column":14},"end":{"line":45,"column":1}},"2":{"start":{"line":6,"column":23},"end":{"line":6,"column":47}},"3":{"start":{"line":7,"column":28},"end":{"line":7,"column":42}},"4":{"start":{"line":8,"column":30},"end":{"line":8,"column":31}},"5":{"start":{"line":9,"column":42},"end":{"line":9,"column":44}},"6":{"start":{"line":12,"column":4},"end":{"line":16,"column":5}},"7":{"start":{"line":13,"column":8},"end":{"line":13,"column":41}},"8":{"start":{"line":15,"column":8},"end":{"line":15,"column":39}},"9":{"start":{"line":18,"column":4},"end":{"line":20,"column":5}},"10":{"start":{"line":18,"column":16},"end":{"line":18,"column":28}},"11":{"start":{"line":19,"column":8},"end":{"line":19,"column":90}},"12":{"start":{"line":22,"column":4},"end":{"line":44,"column":6}},"13":{"start":{"line":34,"column":24},"end":{"line":34,"column":null}},"14":{"start":{"line":47,"column":0},"end":{"line":47,"column":21}}},"fnMap":{"0":{"name":"(anonymous_0)","decl":{"start":{"line":5,"column":14},"end":{"line":5,"column":15}},"loc":{"start":{"line":5,"column":39},"end":{"line":45,"column":1}}},"1":{"name":"(anonymous_1)","decl":{"start":{"line":33,"column":66},"end":{"line":33,"column":67}},"loc":{"start":{"line":34,"column":24},"end":{"line":34,"column":null}}}},"branchMap":{"0":{"loc":{"start":{"line":12,"column":4},"end":{"line":16,"column":5}},"type":"if","locations":[{"start":{"line":12,"column":4},"end":{"line":16,"column":5}},{"start":{"line":14,"column":11},"end":{"line":16,"column":5}}]},"1":{"loc":{"start":{"line":33,"column":17},"end":{"line":40,"column":null}},"type":"binary-expr","locations":[{"start":{"line":33,"column":17},"end":{"line":33,"column":29}},{"start":{"line":33,"column":33},"end":{"line":40,"column":null}}]}},"s":{"0":2,"1":2,"2":7,"3":7,"4":7,"5":7,"6":7,"7":5,"8":2,"9":7,"10":7,"11":20,"12":7,"13":20,"14":2},"f":{"0":7,"1":20},"b":{"0":[5,2],"1":[7,7]}}
,"/Users/callum.dewane/Documents/page-speed-insights/src/components/utils/getCurrentTab/getCurrentTab.tsx": {"path":"/Users/callum.dewane/Documents/page-speed-insights/src/components/utils/getCurrentTab/getCurrentTab.tsx","statementMap":{"0":{"start":{"line":1,"column":29},"end":{"line":4,"column":1}},"1":{"start":{"line":2,"column":20},"end":{"line":2,"column":80}},"2":{"start":{"line":3,"column":4},"end":{"line":3,"column":15}},"3":{"start":{"line":1,"column":13},"end":{"line":1,"column":29}}},"fnMap":{"0":{"name":"(anonymous_0)","decl":{"start":{"line":1,"column":29},"end":{"line":1,"column":34}},"loc":{"start":{"line":1,"column":40},"end":{"line":4,"column":1}}}},"branchMap":{},"s":{"0":1,"1":1,"2":1,"3":1},"f":{"0":1},"b":{}}
,"/Users/callum.dewane/Documents/page-speed-insights/src/components/utils/getLocalStoragePerformanceData/getLocalStoragePerformanceData.tsx": {"path":"/Users/callum.dewane/Documents/page-speed-insights/src/components/utils/getLocalStoragePerformanceData/getLocalStoragePerformanceData.tsx","statementMap":{"0":{"start":{"line":1,"column":46},"end":{"line":4,"column":1}},"1":{"start":{"line":2,"column":31},"end":{"line":2,"column":69}},"2":{"start":{"line":3,"column":4},"end":{"line":3,"column":16}},"3":{"start":{"line":1,"column":13},"end":{"line":1,"column":46}}},"fnMap":{"0":{"name":"(anonymous_0)","decl":{"start":{"line":1,"column":46},"end":{"line":1,"column":51}},"loc":{"start":{"line":1,"column":71},"end":{"line":4,"column":1}}}},"branchMap":{},"s":{"0":2,"1":4,"2":4,"3":2},"f":{"0":4},"b":{}}
,"/Users/callum.dewane/Documents/page-speed-insights/src/components/utils/organiseStorageDataForSend/organiseStorageDataForSend.tsx": {"path":"/Users/callum.dewane/Documents/page-speed-insights/src/components/utils/organiseStorageDataForSend/organiseStorageDataForSend.tsx","statementMap":{"0":{"start":{"line":3,"column":42},"end":{"line":8,"column":1}},"1":{"start":{"line":4,"column":22},"end":{"line":4,"column":50}},"2":{"start":{"line":5,"column":24},"end":{"line":5,"column":58}},"3":{"start":{"line":7,"column":4},"end":{"line":7,"column":101}},"4":{"start":{"line":3,"column":13},"end":{"line":3,"column":42}}},"fnMap":{"0":{"name":"(anonymous_0)","decl":{"start":{"line":3,"column":42},"end":{"line":3,"column":43}},"loc":{"start":{"line":3,"column":97},"end":{"line":8,"column":1}}}},"branchMap":{},"s":{"0":1,"1":1,"2":1,"3":1,"4":1},"f":{"0":1},"b":{}}
,"/Users/callum.dewane/Documents/page-speed-insights/src/components/utils/restructurePerformanceDataAndSave/restructurePerformanceDataAndSave.tsx": {"path":"/Users/callum.dewane/Documents/page-speed-insights/src/components/utils/restructurePerformanceDataAndSave/restructurePerformanceDataAndSave.tsx","statementMap":{"0":{"start":{"line":2,"column":0},"end":{"line":2,"column":112}},"1":{"start":{"line":3,"column":0},"end":{"line":3,"column":112}},"2":{"start":{"line":5,"column":49},"end":{"line":31,"column":1}},"3":{"start":{"line":7,"column":26},"end":{"line":7,"column":28}},"4":{"start":{"line":9,"column":43},"end":{"line":9,"column":100}},"5":{"start":{"line":11,"column":4},"end":{"line":28,"column":5}},"6":{"start":{"line":12,"column":8},"end":{"line":19,"column":10}},"7":{"start":{"line":21,"column":8},"end":{"line":27,"column":10}},"8":{"start":{"line":30,"column":4},"end":{"line":30,"column":58}},"9":{"start":{"line":5,"column":13},"end":{"line":5,"column":49}}},"fnMap":{"0":{"name":"(anonymous_0)","decl":{"start":{"line":5,"column":49},"end":{"line":5,"column":54}},"loc":{"start":{"line":5,"column":94},"end":{"line":31,"column":1}}}},"branchMap":{"0":{"loc":{"start":{"line":11,"column":4},"end":{"line":28,"column":5}},"type":"if","locations":[{"start":{"line":11,"column":4},"end":{"line":28,"column":5}},{"start":{"line":20,"column":11},"end":{"line":28,"column":5}}]}},"s":{"0":1,"1":1,"2":1,"3":3,"4":3,"5":3,"6":2,"7":1,"8":3,"9":1},"f":{"0":3},"b":{"0":[2,1]}}
,"/Users/callum.dewane/Documents/page-speed-insights/src/components/utils/setLocalStoragePerformanceData/setLocalStoragePerformanceData.tsx": {"path":"/Users/callum.dewane/Documents/page-speed-insights/src/components/utils/setLocalStoragePerformanceData/setLocalStoragePerformanceData.tsx","statementMap":{"0":{"start":{"line":3,"column":46},"end":{"line":5,"column":1}},"1":{"start":{"line":4,"column":4},"end":{"line":4,"column":52}},"2":{"start":{"line":3,"column":13},"end":{"line":3,"column":46}}},"fnMap":{"0":{"name":"(anonymous_0)","decl":{"start":{"line":3,"column":46},"end":{"line":3,"column":51}},"loc":{"start":{"line":3,"column":82},"end":{"line":5,"column":1}}}},"branchMap":{},"s":{"0":2,"1":4,"2":2},"f":{"0":4},"b":{}}
,"/Users/callum.dewane/Documents/page-speed-insights/src/components/utils/watchForStorageChange/watchForStorageChange.tsx": {"path":"/Users/callum.dewane/Documents/page-speed-insights/src/components/utils/watchForStorageChange/watchForStorageChange.tsx","statementMap":{"0":{"start":{"line":3,"column":37},"end":{"line":16,"column":1}},"1":{"start":{"line":4,"column":21},"end":{"line":9,"column":5}},"2":{"start":{"line":5,"column":37},"end":{"line":5,"column":44}},"3":{"start":{"line":7,"column":8},"end":{"line":7,"column":28}},"4":{"start":{"line":7,"column":21},"end":{"line":7,"column":28}},"5":{"start":{"line":8,"column":8},"end":{"line":8,"column":34}},"6":{"start":{"line":11,"column":4},"end":{"line":11,"column":51}},"7":{"start":{"line":13,"column":4},"end":{"line":15,"column":6}},"8":{"start":{"line":14,"column":8},"end":{"line":14,"column":58}},"9":{"start":{"line":3,"column":13},"end":{"line":3,"column":37}}},"fnMap":{"0":{"name":"(anonymous_0)","decl":{"start":{"line":3,"column":37},"end":{"line":3,"column":38}},"loc":{"start":{"line":3,"column":89},"end":{"line":16,"column":1}}},"1":{"name":"(anonymous_1)","decl":{"start":{"line":4,"column":21},"end":{"line":4,"column":22}},"loc":{"start":{"line":4,"column":68},"end":{"line":9,"column":5}}},"2":{"name":"(anonymous_2)","decl":{"start":{"line":13,"column":11},"end":{"line":13,"column":14}},"loc":{"start":{"line":13,"column":16},"end":{"line":15,"column":5}}}},"branchMap":{"0":{"loc":{"start":{"line":7,"column":8},"end":{"line":7,"column":28}},"type":"if","locations":[{"start":{"line":7,"column":8},"end":{"line":7,"column":28}}]}},"s":{"0":1,"1":2,"2":2,"3":2,"4":1,"5":1,"6":2,"7":2,"8":1,"9":1},"f":{"0":2,"1":2,"2":1},"b":{"0":[1]}}
}
