TN:
SF:src/app.tsx
FN:5,(anonymous_1)
FN:10,(anonymous_2)
FN:11,(anonymous_3)
FN:17,(anonymous_4)
FN:23,(anonymous_5)
FN:29,(anonymous_6)
FNF:6
FNH:0
FNDA:0,(anonymous_1)
FNDA:0,(anonymous_2)
FNDA:0,(anonymous_3)
FNDA:0,(anonymous_4)
FNDA:0,(anonymous_5)
FNDA:0,(anonymous_6)
DA:1,0
DA:2,0
DA:3,0
DA:5,0
DA:6,0
DA:7,0
DA:8,0
DA:10,0
DA:11,0
DA:12,0
DA:13,0
DA:17,0
DA:18,0
DA:20,0
DA:21,0
DA:23,0
DA:24,0
DA:25,0
DA:26,0
DA:29,0
DA:30,0
DA:34,0
DA:39,0
LF:23
LH:0
BRDA:12,0,0,0
BRDA:18,1,0,0
BRDA:24,2,0,0
BRF:3
BRH:0
end_of_record
TN:
SF:src/background.tsx
FN:11,(anonymous_0)
FN:15,(anonymous_1)
FN:24,(anonymous_2)
FN:31,(anonymous_3)
FN:33,(anonymous_4)
FN:38,(anonymous_5)
FNF:6
FNH:0
FNDA:0,(anonymous_0)
FNDA:0,(anonymous_1)
FNDA:0,(anonymous_2)
FNDA:0,(anonymous_3)
FNDA:0,(anonymous_4)
FNDA:0,(anonymous_5)
DA:1,0
DA:4,0
DA:7,0
DA:8,0
DA:11,0
DA:12,0
DA:15,0
DA:16,0
DA:18,0
DA:20,0
DA:21,0
DA:24,0
DA:25,0
DA:28,0
DA:31,0
DA:32,0
DA:33,0
DA:38,0
DA:39,0
DA:40,0
LF:20
LH:0
BRDA:16,0,0,0
BRDA:16,1,0,0
BRDA:16,1,1,0
BRDA:20,2,0,0
BRDA:39,3,0,0
BRF:5
BRH:0
end_of_record
TN:
SF:src/content-script.tsx
FN:2,(anonymous_0)
FN:3,(anonymous_1)
FN:14,(anonymous_2)
FNF:3
FNH:0
FNDA:0,(anonymous_0)
FNDA:0,(anonymous_1)
FNDA:0,(anonymous_2)
DA:2,0
DA:3,0
DA:5,0
DA:10,0
DA:11,0
DA:14,0
DA:15,0
LF:7
LH:0
BRF:0
BRH:0
end_of_record
TN:
SF:src/index.tsx
FNF:0
FNH:0
DA:1,0
DA:3,0
DA:5,0
DA:6,0
LF:4
LH:0
BRF:0
BRH:0
end_of_record
TN:
SF:src/components/dashboard/dashboard.const.tsx
FNF:0
FNH:0
DA:3,1
DA:11,1
LF:2
LH:2
BRF:0
BRH:0
end_of_record
TN:
SF:src/components/dashboard/dashboard.styled.tsx
FNF:0
FNH:0
DA:1,1
DA:3,1
DA:9,1
DA:15,1
DA:21,1
DA:28,1
DA:34,1
DA:39,1
DA:44,1
DA:50,1
DA:58,1
DA:64,1
LF:12
LH:12
BRF:0
BRH:0
end_of_record
TN:
SF:src/components/dashboard/dashboard.tsx
FN:16,(anonymous_1)
FNF:1
FNH:1
FNDA:2,(anonymous_1)
DA:2,1
DA:13,1
DA:16,1
DA:17,2
DA:18,2
DA:19,2
DA:21,2
DA:64,1
LF:8
LH:8
BRDA:28,0,0,1
BRDA:28,0,1,1
BRDA:51,1,0,2
BRDA:51,1,1,1
BRF:4
BRH:4
end_of_record
TN:
SF:src/components/global/port.mock.tsx
FN:5,(anonymous_0)
FNF:1
FNH:1
FNDA:1,(anonymous_0)
DA:7,1
DA:10,1
DA:11,1
DA:12,1
DA:21,1
DA:32,1
LF:6
LH:6
BRF:0
BRH:0
end_of_record
TN:
SF:src/components/table/table.const.tsx
FNF:0
FNH:0
DA:3,1
DA:11,1
DA:29,1
DA:44,1
DA:56,1
DA:65,1
LF:6
LH:6
BRF:0
BRH:0
end_of_record
TN:
SF:src/components/table/table.styled.tsx
FNF:0
FNH:0
DA:1,2
DA:3,2
DA:10,2
DA:31,2
DA:40,2
LF:5
LH:5
BRF:0
BRH:0
end_of_record
TN:
SF:src/components/table/table.tsx
FN:5,(anonymous_0)
FN:33,(anonymous_1)
FNF:2
FNH:2
FNDA:7,(anonymous_0)
FNDA:20,(anonymous_1)
DA:2,2
DA:5,2
DA:6,7
DA:7,7
DA:8,7
DA:9,7
DA:12,7
DA:13,5
DA:15,2
DA:18,7
DA:19,20
DA:22,7
DA:34,20
DA:47,2
LF:14
LH:14
BRDA:12,0,0,5
BRDA:12,0,1,2
BRDA:33,1,0,7
BRDA:33,1,1,7
BRF:4
BRH:4
end_of_record
TN:
SF:src/components/utils/getCurrentTab/getCurrentTab.tsx
FN:2,(anonymous_0)
FNF:1
FNH:1
FNDA:1,(anonymous_0)
DA:2,1
DA:3,1
DA:4,1
LF:3
LH:3
BRF:0
BRH:0
end_of_record
TN:
SF:src/components/utils/getLocalStoragePerformanceData/getLocalStoragePerformanceData.tsx
FN:1,(anonymous_0)
FNF:1
FNH:1
FNDA:4,(anonymous_0)
DA:1,2
DA:2,4
DA:3,4
LF:3
LH:3
BRF:0
BRH:0
end_of_record
TN:
SF:src/components/utils/organiseStorageDataForSend/organiseStorageDataForSend.tsx
FN:3,(anonymous_0)
FNF:1
FNH:1
FNDA:1,(anonymous_0)
DA:3,1
DA:4,1
DA:5,1
DA:7,1
LF:4
LH:4
BRF:0
BRH:0
end_of_record
TN:
SF:src/components/utils/restructurePerformanceDataAndSave/restructurePerformanceDataAndSave.tsx
FN:5,(anonymous_0)
FNF:1
FNH:1
FNDA:3,(anonymous_0)
DA:2,1
DA:3,1
DA:5,1
DA:7,3
DA:9,3
DA:11,3
DA:12,2
DA:21,1
DA:30,3
LF:9
LH:9
BRDA:11,0,0,2
BRDA:11,0,1,1
BRF:2
BRH:2
end_of_record
TN:
SF:src/components/utils/setLocalStoragePerformanceData/setLocalStoragePerformanceData.tsx
FN:3,(anonymous_0)
FNF:1
FNH:1
FNDA:4,(anonymous_0)
DA:3,2
DA:4,4
LF:2
LH:2
BRF:0
BRH:0
end_of_record
TN:
SF:src/components/utils/watchForStorageChange/watchForStorageChange.tsx
FN:3,(anonymous_0)
FN:4,(anonymous_1)
FN:13,(anonymous_2)
FNF:3
FNH:3
FNDA:2,(anonymous_0)
FNDA:2,(anonymous_1)
FNDA:1,(anonymous_2)
DA:3,1
DA:4,2
DA:5,2
DA:7,2
DA:8,1
DA:11,2
DA:13,2
DA:14,1
LF:8
LH:8
BRDA:7,0,0,1
BRF:1
BRH:1
end_of_record
